<?xml version="1.0" encoding="UTF-8" ?>
<testsuite tests="9" failures="0" name="za.gov.sars.sms.service.ServiceLayerTestCase" time="4,262.46" errors="0" skipped="0">
  <properties>
    <property name="java.runtime.name" value="Java(TM) SE Runtime Environment"/>
    <property name="sun.boot.library.path" value="C:\Program Files\Java\jdk1.8.0_211\jre\bin"/>
    <property name="java.vm.version" value="25.211-b12"/>
    <property name="java.vm.vendor" value="Oracle Corporation"/>
    <property name="maven.multiModuleProjectDirectory" value="D:/work/Java/2021/sms"/>
    <property name="java.vendor.url" value="http://java.oracle.com/"/>
    <property name="path.separator" value=";"/>
    <property name="guice.disable.misplaced.annotation.check" value="true"/>
    <property name="java.vm.name" value="Java HotSpot(TM) 64-Bit Server VM"/>
    <property name="file.encoding.pkg" value="sun.io"/>
    <property name="user.script" value=""/>
    <property name="user.country" value="ZA"/>
    <property name="sun.java.launcher" value="SUN_STANDARD"/>
    <property name="sun.os.patch.level" value=""/>
    <property name="java.vm.specification.name" value="Java Virtual Machine Specification"/>
    <property name="user.dir" value="D:\work\Java\2021\sms"/>
    <property name="java.runtime.version" value="1.8.0_211-b12"/>
    <property name="java.awt.graphicsenv" value="sun.awt.Win32GraphicsEnvironment"/>
    <property name="java.endorsed.dirs" value="C:\Program Files\Java\jdk1.8.0_211\jre\lib\endorsed"/>
    <property name="os.arch" value="amd64"/>
    <property name="java.io.tmpdir" value="D:\Users\s2026987\AppData\Local\Temp\"/>
    <property name="line.separator" value="
"/>
    <property name="java.vm.specification.vendor" value="Oracle Corporation"/>
    <property name="user.variant" value=""/>
    <property name="os.name" value="Windows 10"/>
    <property name="classworlds.conf" value="D:/Softwares/apache-maven-3.5.4-bin/apache-maven-3.5.4/bin/m2.conf"/>
    <property name="sun.jnu.encoding" value="Cp1252"/>
    <property name="java.library.path" value="C:\Program Files\Java\jdk1.8.0_211\bin;C:\WINDOWS\Sun\Java\bin;C:\WINDOWS\system32;C:\WINDOWS;D:\Users\s2026987\bin;D:\Users\s2026987\AppData\Local\Programs\Git\mingw64\bin;D:\Users\s2026987\AppData\Local\Programs\Git\usr\local\bin;D:\Users\s2026987\AppData\Local\Programs\Git\usr\bin;D:\Users\s2026987\AppData\Local\Programs\Git\usr\bin;D:\Users\s2026987\AppData\Local\Programs\Git\mingw64\bin;D:\Users\s2026987\AppData\Local\Programs\Git\usr\bin;D:\Users\s2026987\bin;C:\Program Files\Microsoft MPI\Bin;C:\Program Files (x86)\Micro Focus\Extra!;C:\Python38\Scripts;C:\Python38;C:\Program Files (x86)\RSA SecurID Token Common;C:\Program Files (x86)\Common Files\Oracle\Java\javapath;C:\WINDOWS\system32;C:\WINDOWS;C:\WINDOWS\System32\Wbem;C:\WINDOWS\System32\WindowsPowerShell\v1.0;C:\WINDOWS\System32\OpenSSH;C:\Program Files (x86)\Sennheiser\SoftphoneSDK;C:\Program Files\Microsoft SQL Server\Client SDK\ODBC\110\Tools\Binn;C:\Program Files\VisualSVN Server\bin;C:\Program Files\PuTTY;C:\Program Files\Java\jdk1.8.0_211\bin;D:\Softwares\apache-maven-3.5.4-bin\apache-maven-3.5.4\bin;C:\ProgramData\chocolatey\bin;C:\Program Files\nodejs;C:\Program Files (x86)\Microsoft SQL Server\150\Tools\Binn;C:\Program Files\Microsoft SQL Server\150\Tools\Binn;C:\Program Files (x86)\Microsoft SQL Server\150\DTS\Binn;C:\Program Files\Microsoft SQL Server\150\DTS\Binn;C:\Program Files\Microsoft SQL Server\Client SDK\ODBC\170\Tools\Binn;C:\Program Files\Azure Data Studio\bin;C:\Program Files\TortoiseSVN\bin;D:\Users\s2026987\AppData\Local\Microsoft\WindowsApps;D:\Users\s2026987\AppData\Local\Programs\Git\cmd;D:\Users\s2026987\AppData\Local\Programs\Microsoft VS Code\bin;D:\Users\s2026987\AppData\Roaming\npm;C:\Program Files\Azure Data Studio\bin;D:\Users\s2026987\AppData\Local\Programs\Git\usr\bin\vendor_perl;D:\Users\s2026987\AppData\Local\Programs\Git\usr\bin\core_perl;."/>
    <property name="maven.conf" value="D:/Softwares/apache-maven-3.5.4-bin/apache-maven-3.5.4/conf"/>
    <property name="java.specification.name" value="Java Platform API Specification"/>
    <property name="java.class.version" value="52.0"/>
    <property name="sun.management.compiler" value="HotSpot 64-Bit Tiered Compilers"/>
    <property name="os.version" value="10.0"/>
    <property name="library.jansi.path" value="D:/Softwares/apache-maven-3.5.4-bin/apache-maven-3.5.4/lib/jansi-native"/>
    <property name="user.home" value="D:\Users\s2026987"/>
    <property name="user.timezone" value="Africa/Harare"/>
    <property name="java.awt.printerjob" value="sun.awt.windows.WPrinterJob"/>
    <property name="java.specification.version" value="1.8"/>
    <property name="file.encoding" value="Cp1252"/>
    <property name="user.name" value="S2026987"/>
    <property name="java.class.path" value="D:/Softwares/apache-maven-3.5.4-bin/apache-maven-3.5.4/boot/plexus-classworlds-2.5.2.jar"/>
    <property name="java.vm.specification.version" value="1.8"/>
    <property name="sun.arch.data.model" value="64"/>
    <property name="java.home" value="C:\Program Files\Java\jdk1.8.0_211\jre"/>
    <property name="sun.java.command" value="org.codehaus.plexus.classworlds.launcher.Launcher clean install"/>
    <property name="java.specification.vendor" value="Oracle Corporation"/>
    <property name="user.language" value="en"/>
    <property name="awt.toolkit" value="sun.awt.windows.WToolkit"/>
    <property name="java.vm.info" value="mixed mode"/>
    <property name="java.version" value="1.8.0_211"/>
    <property name="java.ext.dirs" value="C:\Program Files\Java\jdk1.8.0_211\jre\lib\ext;C:\WINDOWS\Sun\Java\lib\ext"/>
    <property name="sun.boot.class.path" value="C:\Program Files\Java\jdk1.8.0_211\jre\lib\resources.jar;C:\Program Files\Java\jdk1.8.0_211\jre\lib\rt.jar;C:\Program Files\Java\jdk1.8.0_211\jre\lib\sunrsasign.jar;C:\Program Files\Java\jdk1.8.0_211\jre\lib\jsse.jar;C:\Program Files\Java\jdk1.8.0_211\jre\lib\jce.jar;C:\Program Files\Java\jdk1.8.0_211\jre\lib\charsets.jar;C:\Program Files\Java\jdk1.8.0_211\jre\lib\jfr.jar;C:\Program Files\Java\jdk1.8.0_211\jre\classes"/>
    <property name="java.vendor" value="Oracle Corporation"/>
    <property name="maven.home" value="D:\Softwares\apache-maven-3.5.4-bin\apache-maven-3.5.4"/>
    <property name="file.separator" value="\"/>
    <property name="java.vendor.url.bug" value="http://bugreport.sun.com/bugreport/"/>
    <property name="sun.cpu.endian" value="little"/>
    <property name="sun.io.unicode.encoding" value="UnicodeLittle"/>
    <property name="sun.desktop" value="windows"/>
    <property name="sun.cpu.isalist" value="amd64"/>
  </properties>
  <testcase classname="za.gov.sars.sms.service.ServiceLayerTestCase" name="TestA" time="2.386"/>
  <testcase classname="za.gov.sars.sms.service.ServiceLayerTestCase" name="TestB" time="6.99"/>
  <testcase classname="za.gov.sars.sms.service.ServiceLayerTestCase" name="TestC" time="19.121"/>
  <testcase classname="za.gov.sars.sms.service.ServiceLayerTestCase" name="TestD" time="43.36"/>
  <testcase classname="za.gov.sars.sms.service.ServiceLayerTestCase" name="TestE" time="59.961"/>
  <testcase classname="za.gov.sars.sms.service.ServiceLayerTestCase" name="TestF" time="4,060.987"/>
  <testcase classname="za.gov.sars.sms.service.ServiceLayerTestCase" name="TestG" time="17.265"/>
  <testcase classname="za.gov.sars.sms.service.ServiceLayerTestCase" name="TestH" time="17.115"/>
  <testcase classname="za.gov.sars.sms.service.ServiceLayerTestCase" name="TestI" time="35.275"/>
</testsuite>